2020.08.15 16:12:01 INFO  started: Metals version 0.9.2 in workspace '/Users/zer0-star/zer0-star.github.io' for client vscode.
2020.08.15 16:12:05 INFO  time: initialize in 3.75s
2020.08.15 16:12:07 WARN  no build tool detected in workspace '/Users/zer0-star/zer0-star.github.io'. The most common cause for this problem is that the editor was opened in the wrong working directory, for example if you use sbt then the workspace directory should contain build.sbt. 
8月 15, 2020 4:16:24 午後 org.eclipse.lsp4j.jsonrpc.services.GenericEndpoint notify
情報: Unsupported notification method: $/setTraceNotification
8月 15, 2020 5:43:07 午後 org.eclipse.lsp4j.jsonrpc.services.GenericEndpoint notify
情報: Unsupported notification method: $/setTraceNotification
8月 15, 2020 6:11:38 午後 org.eclipse.lsp4j.jsonrpc.services.GenericEndpoint notify
情報: Unsupported notification method: $/setTraceNotification
8月 15, 2020 6:11:48 午後 org.eclipse.lsp4j.jsonrpc.services.GenericEndpoint notify
情報: Unsupported notification method: $/setTraceNotification
2020.08.15 18:55:40 INFO  shutting down Metals
2020.08.15 18:57:50 INFO  started: Metals version 0.9.2 in workspace '/Users/zer0-star/zer0-star.github.io' for client vscode.
2020.08.15 18:58:02 INFO  time: initialize in 11s
2020.08.15 18:58:05 WARN  no build tool detected in workspace '/Users/zer0-star/zer0-star.github.io'. The most common cause for this problem is that the editor was opened in the wrong working directory, for example if you use sbt then the workspace directory should contain build.sbt. 
8月 16, 2020 3:21:45 午前 org.eclipse.lsp4j.jsonrpc.services.GenericEndpoint notify
情報: Unsupported notification method: $/setTraceNotification
8月 16, 2020 9:59:01 午後 org.eclipse.lsp4j.jsonrpc.services.GenericEndpoint notify
情報: Unsupported notification method: $/setTraceNotification
8月 16, 2020 9:59:05 午後 org.eclipse.lsp4j.jsonrpc.services.GenericEndpoint notify
情報: Unsupported notification method: $/setTraceNotification
8月 23, 2020 9:31:00 午後 org.eclipse.lsp4j.jsonrpc.services.GenericEndpoint notify
情報: Unsupported notification method: $/setTraceNotification
8月 23, 2020 9:31:04 午後 org.eclipse.lsp4j.jsonrpc.services.GenericEndpoint notify
情報: Unsupported notification method: $/setTraceNotification
2020.08.27 22:10:22 INFO  shutting down Metals
2020.08.27 22:20:21 INFO  started: Metals version 0.9.3 in workspace '/Users/zer0-star/zer0-star.github.io' for client vscode.
2020.08.27 22:20:32 INFO  time: initialize in 10s
2020.08.27 22:20:34 WARN  no build tool detected in workspace '/Users/zer0-star/zer0-star.github.io'. The most common cause for this problem is that the editor was opened in the wrong working directory, for example if you use sbt then the workspace directory should contain build.sbt. 
2020.08.30 15:40:21 INFO  started: Metals version 0.9.3 in workspace '/Users/zer0-star/zer0-star.github.io' for client vscode.
2020.08.30 15:40:28 INFO  time: initialize in 7.23s
2020.08.30 15:40:33 WARN  no build tool detected in workspace '/Users/zer0-star/zer0-star.github.io'. The most common cause for this problem is that the editor was opened in the wrong working directory, for example if you use sbt then the workspace directory should contain build.sbt. 
9月 01, 2020 10:05:39 午後 org.eclipse.lsp4j.jsonrpc.services.GenericEndpoint notify
情報: Unsupported notification method: $/setTraceNotification
9月 06, 2020 2:36:49 午後 org.eclipse.lsp4j.jsonrpc.services.GenericEndpoint notify
情報: Unsupported notification method: $/setTraceNotification
9月 06, 2020 2:40:13 午後 org.eclipse.lsp4j.jsonrpc.services.GenericEndpoint notify
情報: Unsupported notification method: $/setTraceNotification
2020.09.06 21:51:06 INFO  shutting down Metals
